<?xml version="1.0" encoding="UTF-8"?>
<testng-results skipped="0" failed="0" ignored="0" total="2" passed="2">
  <reporter-output>
  </reporter-output>
  <suite name="Suite1" duration-ms="19162" started-at="2020-10-07T04:22:41Z" finished-at="2020-10-07T04:23:00Z">
    <groups>
    </groups>
    <test name="Test2" duration-ms="19030" started-at="2020-10-07T04:22:41Z" finished-at="2020-10-07T04:23:00Z">
      <class name="TryMaven.TestMaven">
        <test-method status="PASS" signature="login(java.lang.String, java.lang.String)[pri:0, instance:TryMaven.TestMaven@668bc3d5]" name="login" duration-ms="18883" started-at="2020-10-07T04:22:41Z" finished-at="2020-10-07T04:23:00Z">
          <params>
            <param index="0">
              <value>
                <![CDATA[username2]]>
              </value>
            </param>
            <param index="1">
              <value>
                <![CDATA[password2]]>
              </value>
            </param>
          </params>
          <reporter-output>
          </reporter-output>
        </test-method> <!-- login -->
      </class> <!-- TryMaven.TestMaven -->
    </test> <!-- Test2 -->
    <test name="Test1" duration-ms="19162" started-at="2020-10-07T04:22:41Z" finished-at="2020-10-07T04:23:00Z">
      <class name="TryMaven.TestMaven">
        <test-method status="PASS" signature="login(java.lang.String, java.lang.String)[pri:0, instance:TryMaven.TestMaven@5b464ce8]" name="login" duration-ms="19025" started-at="2020-10-07T04:22:41Z" finished-at="2020-10-07T04:23:00Z">
          <params>
            <param index="0">
              <value>
                <![CDATA[username1]]>
              </value>
            </param>
            <param index="1">
              <value>
                <![CDATA[password1]]>
              </value>
            </param>
          </params>
          <reporter-output>
          </reporter-output>
        </test-method> <!-- login -->
      </class> <!-- TryMaven.TestMaven -->
    </test> <!-- Test1 -->
  </suite> <!-- Suite1 -->
</testng-results>
