<?xml version="1.0" encoding="UTF-8"?>
<testng-results skipped="0" failed="0" total="2" passed="2">
  <reporter-output>
  </reporter-output>
  <suite name="Suite1" duration-ms="18040" started-at="2020-10-06T14:40:14Z" finished-at="2020-10-06T14:40:32Z">
    <groups>
    </groups>
    <test name="Test2" duration-ms="17984" started-at="2020-10-06T14:40:14Z" finished-at="2020-10-06T14:40:32Z">
      <class name="TryMaven.TestMaven">
        <test-method status="PASS" signature="login(java.lang.String, java.lang.String)[pri:0, instance:TryMaven.TestMaven@47c62251]" name="login" duration-ms="17880" started-at="2020-10-06T10:40:14Z" finished-at="2020-10-06T10:40:32Z">
          <params>
            <param index="0">
              <value>
                <![CDATA[username2]]>
              </value>
            </param>
            <param index="1">
              <value>
                <![CDATA[password2]]>
              </value>
            </param>
          </params>
          <reporter-output>
          </reporter-output>
        </test-method> <!-- login -->
      </class> <!-- TryMaven.TestMaven -->
    </test> <!-- Test2 -->
    <test name="Test1" duration-ms="18040" started-at="2020-10-06T14:40:14Z" finished-at="2020-10-06T14:40:32Z">
      <class name="TryMaven.TestMaven">
        <test-method status="PASS" signature="login(java.lang.String, java.lang.String)[pri:0, instance:TryMaven.TestMaven@cc285f4]" name="login" duration-ms="17962" started-at="2020-10-06T10:40:14Z" finished-at="2020-10-06T10:40:32Z">
          <params>
            <param index="0">
              <value>
                <![CDATA[username1]]>
              </value>
            </param>
            <param index="1">
              <value>
                <![CDATA[password1]]>
              </value>
            </param>
          </params>
          <reporter-output>
          </reporter-output>
        </test-method> <!-- login -->
      </class> <!-- TryMaven.TestMaven -->
    </test> <!-- Test1 -->
  </suite> <!-- Suite1 -->
</testng-results>
